Using pre-set license
Built from '2020.3/staging' branch; Version is '2020.3.30f1 (1fb1bf06830e) revision 2077119'; Using compiler version '192528614'; Build Type 'Release'
OS: 'Windows 10  (10.0.19044) 64bit Core' Language: 'ko' Physical Memory: 16303 MB
BatchMode: 1, IsHumanControllingUs: 0, StartBugReporterOnCrash: 0, Is64bit: 1, IsPro: 0

COMMAND LINE ARGUMENTS:
C:\Program Files\Unity\Hub\Editor\2020.3.30f1\Editor\Unity.exe
-adb2
-batchMode
-noUpm
-name
AssetImportWorker0
-projectPath
C:/Users/B-02-06/Documents/GitHub/medici-projec-02
-logFile
Logs/AssetImportWorker0.log
-srvPort
53173
Successfully changed project path to: C:/Users/B-02-06/Documents/GitHub/medici-projec-02
C:/Users/B-02-06/Documents/GitHub/medici-projec-02
Using Asset Import Pipeline V2.
Refreshing native plugins compatible for Editor in 39.28 ms, found 2 plugins.
Preloading 0 native plugins for Editor in 0.00 ms.
Initialize engine version: 2020.3.30f1 (1fb1bf06830e)
[Subsystems] Discovering subsystems at path C:/Program Files/Unity/Hub/Editor/2020.3.30f1/Editor/Data/Resources/UnitySubsystems
[Subsystems] Discovering subsystems at path C:/Users/B-02-06/Documents/GitHub/medici-projec-02/Assets
GfxDevice: creating device client; threaded=0
Direct3D:
    Version:  Direct3D 11.0 [level 11.1]
    Renderer: NVIDIA GeForce RTX 2070 with Max-Q Design (ID=0x1f50)
    Vendor:   
    VRAM:     8031 MB
    Driver:   26.21.14.4259
Initialize mono
Mono path[0] = 'C:/Program Files/Unity/Hub/Editor/2020.3.30f1/Editor/Data/Managed'
Mono path[1] = 'C:/Program Files/Unity/Hub/Editor/2020.3.30f1/Editor/Data/MonoBleedingEdge/lib/mono/unityjit'
Mono config path = 'C:/Program Files/Unity/Hub/Editor/2020.3.30f1/Editor/Data/MonoBleedingEdge/etc'
Using monoOptions --debugger-agent=transport=dt_socket,embedding=1,server=y,suspend=n,address=127.0.0.1:56432
Begin MonoManager ReloadAssembly
Registering precompiled unity dll's ...
Register platform support module: C:/Program Files/Unity/Hub/Editor/2020.3.30f1/Editor/Data/PlaybackEngines/WindowsStandaloneSupport/UnityEditor.WindowsStandalone.Extensions.dll
Registered in 0.001987 seconds.
Native extension for WindowsStandalone target not found
Refreshing native plugins compatible for Editor in 36.23 ms, found 2 plugins.
Preloading 0 native plugins for Editor in 0.00 ms.
Mono: successfully reloaded assembly
- Completed reload, in  0.562 seconds
Domain Reload Profiling:
	ReloadAssembly (562ms)
		BeginReloadAssembly (62ms)
			ExecutionOrderSort (0ms)
			DisableScriptedObjects (0ms)
			BackupInstance (0ms)
			ReleaseScriptingObjects (0ms)
			CreateAndSetChildDomain (1ms)
		EndReloadAssembly (429ms)
			LoadAssemblies (59ms)
			RebuildTransferFunctionScriptingTraits (0ms)
			SetupTypeCache (144ms)
			ReleaseScriptCaches (0ms)
			RebuildScriptCaches (30ms)
			SetupLoadedEditorAssemblies (157ms)
				LogAssemblyErrors (0ms)
				InitializePlatformSupportModulesInManaged (4ms)
				SetLoadedEditorAssemblies (0ms)
				RefreshPlugins (36ms)
				BeforeProcessingInitializeOnLoad (15ms)
				ProcessInitializeOnLoadAttributes (75ms)
				ProcessInitializeOnLoadMethodAttributes (26ms)
				AfterProcessingInitializeOnLoad (0ms)
				EditorAssembliesLoaded (0ms)
			ExecutionOrderSort2 (0ms)
			AwakeInstancesAfterBackupRestoration (0ms)
Platform modules already initialized, skipping
Registering precompiled user dll's ...
Registered in 0.002927 seconds.
Begin MonoManager ReloadAssembly
Native extension for WindowsStandalone target not found
Refreshing native plugins compatible for Editor in 0.36 ms, found 2 plugins.
Preloading 0 native plugins for Editor in 0.00 ms.
Mono: successfully reloaded assembly
- Completed reload, in  0.945 seconds
Domain Reload Profiling:
	ReloadAssembly (946ms)
		BeginReloadAssembly (147ms)
			ExecutionOrderSort (0ms)
			DisableScriptedObjects (4ms)
			BackupInstance (0ms)
			ReleaseScriptingObjects (0ms)
			CreateAndSetChildDomain (19ms)
		EndReloadAssembly (742ms)
			LoadAssemblies (88ms)
			RebuildTransferFunctionScriptingTraits (0ms)
			SetupTypeCache (251ms)
			ReleaseScriptCaches (0ms)
			RebuildScriptCaches (40ms)
			SetupLoadedEditorAssemblies (281ms)
				LogAssemblyErrors (0ms)
				InitializePlatformSupportModulesInManaged (4ms)
				SetLoadedEditorAssemblies (0ms)
				RefreshPlugins (0ms)
				BeforeProcessingInitializeOnLoad (76ms)
				ProcessInitializeOnLoadAttributes (185ms)
				ProcessInitializeOnLoadMethodAttributes (9ms)
				AfterProcessingInitializeOnLoad (6ms)
				EditorAssembliesLoaded (0ms)
			ExecutionOrderSort2 (0ms)
			AwakeInstancesAfterBackupRestoration (6ms)
Platform modules already initialized, skipping
========================================================================
Worker process is ready to serve import requests
Launched and connected shader compiler UnityShaderCompiler.exe after 0.07 seconds
Refreshing native plugins compatible for Editor in 0.62 ms, found 2 plugins.
Preloading 0 native plugins for Editor in 0.00 ms.
Unloading 1531 Unused Serialized files (Serialized files now loaded: 0)
System memory in use before: 94.8 MB.
System memory in use after: 94.9 MB.

Unloading 17 unused Assets to reduce memory usage. Loaded Objects now: 1970.
Total: 2.778800 ms (FindLiveObjects: 0.120500 ms CreateObjectMapping: 0.041400 ms MarkObjects: 2.546800 ms  DeleteObjects: 0.069200 ms)

AssetImportParameters requested are different than current active one (requested -> active):
  custom:framework-win-MediaFoundation: 216162199b28c13a410421893ffa2e32 -> 
  custom:video-decoder-ogg-theora: a1e56fd34408186e4bbccfd4996cb3dc -> 
  custom:container-muxer-webm: aa71ff27fc2769a1b78a27578f13a17b -> 
  custom:container-demuxer-webm: 4f35f7cbe854078d1ac9338744f61a02 -> 
  custom:container-demuxer-ogg: 62fdf1f143b41e24485cea50d1cbac27 -> 
  custom:video-encoder-webm-vp8: eb34c28f22e8b96e1ab97ce403110664 -> 
  custom:video-codec-MediaFoundation-h265: 746d11721c4dcdbdad8f713fa42b33f4 -> 
  custom:video-decoder-webm-vp8: 9c59270c3fd7afecdb556c50c9e8de78 -> 
  custom:audio-decoder-ogg-vorbis: bf7c407c2cedff20999df2af8eb42d56 -> 
  custom:audio-encoder-webm-vorbis: bf7c407c2cedff20999df2af8eb42d56 -> 
========================================================================
Received Import Request.
  path: Assets/Assets/Scenes/SampleScene
  artifactKey: Guid(e6ab64f821dc2cb4bbd0ea9e1ccb8a3c) Importer(815301076,1909f56bfc062723c751e8b465ee728b)
Start importing Assets/Assets/Scenes/SampleScene using Guid(e6ab64f821dc2cb4bbd0ea9e1ccb8a3c) Importer(815301076,1909f56bfc062723c751e8b465ee728b)  -> (artifact id: '6f2bc6143c36ebeefbca9d1af5e8660c') in 0.007697 seconds 
========================================================================
Received Import Request.
  Time since last request: 0.000332 seconds.
  path: Assets/Assets/Material/New Material 1.mat
  artifactKey: Guid(59a87b82fb606544fa25b75051bb07b4) Importer(815301076,1909f56bfc062723c751e8b465ee728b)
Start importing Assets/Assets/Material/New Material 1.mat using Guid(59a87b82fb606544fa25b75051bb07b4) Importer(815301076,1909f56bfc062723c751e8b465ee728b)  -> (artifact id: '5ec7e660e9f8e5282501a18fca5d8a98') in 0.099365 seconds 
========================================================================
Received Import Request.
  Time since last request: 0.000210 seconds.
  path: Assets/Assets/Scenes/SampleScene/NavMesh.asset
  artifactKey: Guid(1eed3bc2daa8f804a9059a9c4ad71b1e) Importer(815301076,1909f56bfc062723c751e8b465ee728b)
Start importing Assets/Assets/Scenes/SampleScene/NavMesh.asset using Guid(1eed3bc2daa8f804a9059a9c4ad71b1e) Importer(815301076,1909f56bfc062723c751e8b465ee728b)  -> (artifact id: '8af62175d75b5e7b7a46b20bd9e733bd') in 0.008590 seconds 
========================================================================
Received Import Request.
  Time since last request: 0.000336 seconds.
  path: Assets/Assets/Material/New Material 4.mat
  artifactKey: Guid(299cf772da88d2248a4759a2a13bc912) Importer(815301076,1909f56bfc062723c751e8b465ee728b)
Start importing Assets/Assets/Material/New Material 4.mat using Guid(299cf772da88d2248a4759a2a13bc912) Importer(815301076,1909f56bfc062723c751e8b465ee728b)  -> (artifact id: 'a1052531b5cf23bce381331829e20c4d') in 0.014601 seconds 
========================================================================
Received Import Request.
  Time since last request: 0.000221 seconds.
  path: Assets/Assets/Material/New Material 5.mat
  artifactKey: Guid(3c469ac03729ba74c9e671db14fb09ba) Importer(815301076,1909f56bfc062723c751e8b465ee728b)
Start importing Assets/Assets/Material/New Material 5.mat using Guid(3c469ac03729ba74c9e671db14fb09ba) Importer(815301076,1909f56bfc062723c751e8b465ee728b)  -> (artifact id: '3cc45236bdcf9e1c0116f4df0da65568') in 0.012018 seconds 
========================================================================
Received Import Request.
  Time since last request: 0.000248 seconds.
  path: Assets/Assets/Material/New Material 2.mat
  artifactKey: Guid(08c260be92d612944b75b8f235d8b3f4) Importer(815301076,1909f56bfc062723c751e8b465ee728b)
Start importing Assets/Assets/Material/New Material 2.mat using Guid(08c260be92d612944b75b8f235d8b3f4) Importer(815301076,1909f56bfc062723c751e8b465ee728b)  -> (artifact id: '3d6aea664997aaa9b38c1ed144c42762') in 0.012362 seconds 
========================================================================
Received Import Request.
  Time since last request: 0.000305 seconds.
  path: Assets/Assets/Scenes/SampleScene/New Material.mat
  artifactKey: Guid(f466f9d0e5c1cfc438c45dcd604286fc) Importer(815301076,1909f56bfc062723c751e8b465ee728b)
Start importing Assets/Assets/Scenes/SampleScene/New Material.mat using Guid(f466f9d0e5c1cfc438c45dcd604286fc) Importer(815301076,1909f56bfc062723c751e8b465ee728b)  -> (artifact id: 'b78a04b1b27001fb5e426dad3b929191') in 0.013286 seconds 
========================================================================
Received Import Request.
  Time since last request: 0.000239 seconds.
  path: Assets/Assets/Material/New Material 3.mat
  artifactKey: Guid(630cb89cac095c7468599185c6b73481) Importer(815301076,1909f56bfc062723c751e8b465ee728b)
Start importing Assets/Assets/Material/New Material 3.mat using Guid(630cb89cac095c7468599185c6b73481) Importer(815301076,1909f56bfc062723c751e8b465ee728b)  -> (artifact id: '288c15f09094e968a9c676c129937a2c') in 0.012992 seconds 
========================================================================
Received Import Request.
  Time since last request: 0.403545 seconds.
  path: Assets/Assets/Materials/comment.mat
  artifactKey: Guid(7b9a9aac3cff1bf46bf970ead635273f) Importer(815301076,1909f56bfc062723c751e8b465ee728b)
Start importing Assets/Assets/Materials/comment.mat using Guid(7b9a9aac3cff1bf46bf970ead635273f) Importer(815301076,1909f56bfc062723c751e8b465ee728b)  -> (artifact id: '8d5a986ae15261e8416f0369b60d83ee') in 0.012208 seconds 
========================================================================
Received Import Request.
  Time since last request: 1.187862 seconds.
  path: Assets/Assets/_TerrainAutoUpgrade/layer_Grass01_BigUVd261c09ae55ba1e3.terrainlayer
  artifactKey: Guid(341c2452f5ce9e8428fcaf31c8a474ec) Importer(815301076,1909f56bfc062723c751e8b465ee728b)
Start importing Assets/Assets/_TerrainAutoUpgrade/layer_Grass01_BigUVd261c09ae55ba1e3.terrainlayer using Guid(341c2452f5ce9e8428fcaf31c8a474ec) Importer(815301076,1909f56bfc062723c751e8b465ee728b)  -> (artifact id: '41ec4cc7c4b9a18d6fd5e5eb5d6431a3') in 0.044446 seconds 
========================================================================
Received Import Request.
  Time since last request: 0.000276 seconds.
  path: Assets/Assets/_TerrainAutoUpgrade/layer_ground_aground_a_normald261c09ae55ba1e3.terrainlayer
  artifactKey: Guid(15c82f91e65dae744a312c7b28b1a79e) Importer(815301076,1909f56bfc062723c751e8b465ee728b)
Start importing Assets/Assets/_TerrainAutoUpgrade/layer_ground_aground_a_normald261c09ae55ba1e3.terrainlayer using Guid(15c82f91e65dae744a312c7b28b1a79e) Importer(815301076,1909f56bfc062723c751e8b465ee728b)  -> (artifact id: '16dd41b658b5f929d3ef43e89879e41b') in 0.024107 seconds 
========================================================================
Received Import Request.
  Time since last request: 3.974133 seconds.
  path: Assets/Assets/comment (1).png
  artifactKey: Guid(47a84cb78f5cd944494869c8a3fbab1b) Importer(815301076,1909f56bfc062723c751e8b465ee728b)
Start importing Assets/Assets/comment (1).png using Guid(47a84cb78f5cd944494869c8a3fbab1b) Importer(815301076,1909f56bfc062723c751e8b465ee728b)  -> (artifact id: 'c1e3b164561025377d95fd843ee954d5') in 0.039737 seconds 
========================================================================
Received Import Request.
  Time since last request: 0.000253 seconds.
  path: Assets/Assets/New Material 2.mat
  artifactKey: Guid(fca9b14869c9f6a489763f99c4503c50) Importer(815301076,1909f56bfc062723c751e8b465ee728b)
Start importing Assets/Assets/New Material 2.mat using Guid(fca9b14869c9f6a489763f99c4503c50) Importer(815301076,1909f56bfc062723c751e8b465ee728b)  -> (artifact id: 'fd1e218447c0589d84c93d5d43ebac21') in 0.016451 seconds 
========================================================================
Received Import Request.
  Time since last request: 0.000226 seconds.
  path: Assets/Assets/PlayerMat.mat
  artifactKey: Guid(3a189ce0ee89b774f8e6acc8b9b09218) Importer(815301076,1909f56bfc062723c751e8b465ee728b)
Start importing Assets/Assets/PlayerMat.mat using Guid(3a189ce0ee89b774f8e6acc8b9b09218) Importer(815301076,1909f56bfc062723c751e8b465ee728b)  -> (artifact id: 'a887a2f45ff9e4839f8a5141a39ba5da') in 0.025954 seconds 
========================================================================
Received Import Request.
  Time since last request: 0.000172 seconds.
  path: Assets/Assets/New Material.mat
  artifactKey: Guid(a9f2cc3a4f1133f4dbbf79c2b4ae6958) Importer(815301076,1909f56bfc062723c751e8b465ee728b)
Start importing Assets/Assets/New Material.mat using Guid(a9f2cc3a4f1133f4dbbf79c2b4ae6958) Importer(815301076,1909f56bfc062723c751e8b465ee728b)  -> (artifact id: '9aa6274520c9c3aa86c9948ac2ac5258') in 0.017236 seconds 
========================================================================
Received Import Request.
  Time since last request: 0.000163 seconds.
  path: Assets/Assets/New Material 1.mat
  artifactKey: Guid(adda0dc22b2782c47b1c8e9086f875f7) Importer(815301076,1909f56bfc062723c751e8b465ee728b)
Start importing Assets/Assets/New Material 1.mat using Guid(adda0dc22b2782c47b1c8e9086f875f7) Importer(815301076,1909f56bfc062723c751e8b465ee728b)  -> (artifact id: 'b2c42942ef917aa108236707bd49685d') in 0.021201 seconds 
========================================================================
Received Import Request.
  Time since last request: 0.000305 seconds.
  path: Assets/Assets/New Material 3.mat
  artifactKey: Guid(59c63e94322275d4fb111c8da3b89b6a) Importer(815301076,1909f56bfc062723c751e8b465ee728b)
Start importing Assets/Assets/New Material 3.mat using Guid(59c63e94322275d4fb111c8da3b89b6a) Importer(815301076,1909f56bfc062723c751e8b465ee728b)  -> (artifact id: 'dbbfa56ff954c4ea9231276ffd6eb982') in 0.016389 seconds 
========================================================================
Received Import Request.
  Time since last request: 6.368527 seconds.
  path: Assets/AAL.fbx
  artifactKey: Guid(84b0fdd64f3680849bf59dd356affe65) Importer(815301076,1909f56bfc062723c751e8b465ee728b)
Start importing Assets/AAL.fbx using Guid(84b0fdd64f3680849bf59dd356affe65) Importer(815301076,1909f56bfc062723c751e8b465ee728b)  -> (artifact id: '8d5d3ff7cda0183780097c9ae254ae87') in 0.100813 seconds 
========================================================================
Received Import Request.
  Time since last request: 0.000251 seconds.
  path: Assets/Directional Light.prefab
  artifactKey: Guid(31b774316161ca14fb5b5a749649c635) Importer(815301076,1909f56bfc062723c751e8b465ee728b)
Start importing Assets/Directional Light.prefab using Guid(31b774316161ca14fb5b5a749649c635) Importer(815301076,1909f56bfc062723c751e8b465ee728b)  -> (artifact id: 'f58a724814a57b8d16d2b51fea49b0e7') in 0.009636 seconds 
========================================================================
Received Import Request.
  Time since last request: 0.000336 seconds.
  path: Assets/Cube (7).prefab
  artifactKey: Guid(9a1a76d6449090641b8289dbc49e59f6) Importer(815301076,1909f56bfc062723c751e8b465ee728b)
Start importing Assets/Cube (7).prefab using Guid(9a1a76d6449090641b8289dbc49e59f6) Importer(815301076,1909f56bfc062723c751e8b465ee728b)  -> (artifact id: 'f4065c470dc04ed078ae18374acfefe9') in 0.023898 seconds 
========================================================================
Received Import Request.
  Time since last request: 0.000311 seconds.
  path: Assets/closedoor1.prefab
  artifactKey: Guid(53c2365d47b12ce4782133751bc75380) Importer(815301076,1909f56bfc062723c751e8b465ee728b)
Start importing Assets/closedoor1.prefab using Guid(53c2365d47b12ce4782133751bc75380) Importer(815301076,1909f56bfc062723c751e8b465ee728b)  -> (artifact id: '606c3e97d2aca35ca54acb8928edf467') in 0.013495 seconds 
========================================================================
Received Import Request.
  Time since last request: 0.000267 seconds.
  path: Assets/Cube (6).prefab
  artifactKey: Guid(f5358e5dfaea2cf4c813fc993e4c8d08) Importer(815301076,1909f56bfc062723c751e8b465ee728b)
Start importing Assets/Cube (6).prefab using Guid(f5358e5dfaea2cf4c813fc993e4c8d08) Importer(815301076,1909f56bfc062723c751e8b465ee728b)  -> (artifact id: 'e262e5f5e7b4972b1c1a304051d837f9') in 0.035809 seconds 
========================================================================
Received Import Request.
  Time since last request: 0.000271 seconds.
  path: Assets/Cube (4).prefab
  artifactKey: Guid(5fde73da5c287454188061b3f71f72a2) Importer(815301076,1909f56bfc062723c751e8b465ee728b)
Start importing Assets/Cube (4).prefab using Guid(5fde73da5c287454188061b3f71f72a2) Importer(815301076,1909f56bfc062723c751e8b465ee728b)  -> (artifact id: 'ac53982c823b71db52deb9d04e95933f') in 0.015692 seconds 
========================================================================
Received Import Request.
  Time since last request: 0.000266 seconds.
  path: Assets/Cube (2).prefab
  artifactKey: Guid(bba950976362cef43b0b38f5c2d63760) Importer(815301076,1909f56bfc062723c751e8b465ee728b)
Start importing Assets/Cube (2).prefab using Guid(bba950976362cef43b0b38f5c2d63760) Importer(815301076,1909f56bfc062723c751e8b465ee728b)  -> (artifact id: 'e505d918203837677caf7eb179002f7e') in 0.014209 seconds 
========================================================================
Received Import Request.
  Time since last request: 0.000287 seconds.
  path: Assets/Cube (3).prefab
  artifactKey: Guid(77ff97de57ce7c74da4b88474b7b34c8) Importer(815301076,1909f56bfc062723c751e8b465ee728b)
Start importing Assets/Cube (3).prefab using Guid(77ff97de57ce7c74da4b88474b7b34c8) Importer(815301076,1909f56bfc062723c751e8b465ee728b)  -> (artifact id: '167d2454f72a148c73d9117e0eaa4eec') in 0.018008 seconds 
========================================================================
Received Import Request.
  Time since last request: 0.000306 seconds.
  path: Assets/courumn.fbx
  artifactKey: Guid(755fa97d21412f240be5731bae7c2d19) Importer(815301076,1909f56bfc062723c751e8b465ee728b)
Start importing Assets/courumn.fbx using Guid(755fa97d21412f240be5731bae7c2d19) Importer(815301076,1909f56bfc062723c751e8b465ee728b)  -> (artifact id: 'e3a1515fc00a0e2a660780d0588ec425') in 0.049182 seconds 
========================================================================
Received Import Request.
  Time since last request: 0.000274 seconds.
  path: Assets/Cube (5).prefab
  artifactKey: Guid(c9c7a83122d0b1044935eaec95d85441) Importer(815301076,1909f56bfc062723c751e8b465ee728b)
Start importing Assets/Cube (5).prefab using Guid(c9c7a83122d0b1044935eaec95d85441) Importer(815301076,1909f56bfc062723c751e8b465ee728b)  -> (artifact id: 'bec80fcd7935490c7dce651ab6373223') in 0.014187 seconds 
========================================================================
Received Import Request.
  Time since last request: 0.000300 seconds.
  path: Assets/Cube (1).prefab
  artifactKey: Guid(6f5580a4b94364945abc0ecbcc22af61) Importer(815301076,1909f56bfc062723c751e8b465ee728b)
Start importing Assets/Cube (1).prefab using Guid(6f5580a4b94364945abc0ecbcc22af61) Importer(815301076,1909f56bfc062723c751e8b465ee728b)  -> (artifact id: 'e2725d706edee5969ae1605cc0f0a08c') in 0.017366 seconds 
========================================================================
Received Import Request.
  Time since last request: 0.000244 seconds.
  path: Assets/Cube.prefab
  artifactKey: Guid(44f51f2cabb6d9043a593d40d0e03471) Importer(815301076,1909f56bfc062723c751e8b465ee728b)
Start importing Assets/Cube.prefab using Guid(44f51f2cabb6d9043a593d40d0e03471) Importer(815301076,1909f56bfc062723c751e8b465ee728b)  -> (artifact id: '7f964ad23704e4529f8d54c4a512e42c') in 0.013461 seconds 
========================================================================
Received Import Request.
  Time since last request: 0.556244 seconds.
  path: Assets/New Material.mat
  artifactKey: Guid(67de023c3a4e04a49a1af4f0c16e2b53) Importer(815301076,1909f56bfc062723c751e8b465ee728b)
Start importing Assets/New Material.mat using Guid(67de023c3a4e04a49a1af4f0c16e2b53) Importer(815301076,1909f56bfc062723c751e8b465ee728b)  -> (artifact id: 'f258eae652055eb79e5ffcb02856f690') in 0.010211 seconds 
========================================================================
Received Import Request.
  Time since last request: 0.016981 seconds.
  path: Assets/point06.prefab
  artifactKey: Guid(2d03d16e96227db4499d2b82a8dddbd9) Importer(815301076,1909f56bfc062723c751e8b465ee728b)
Start importing Assets/point06.prefab using Guid(2d03d16e96227db4499d2b82a8dddbd9) Importer(815301076,1909f56bfc062723c751e8b465ee728b)  -> (artifact id: 'ae5f3973b37aa95c00333dec1587aff5') in 0.007766 seconds 
========================================================================
Received Import Request.
  Time since last request: 0.000315 seconds.
  path: Assets/Sphere.prefab
  artifactKey: Guid(15fdd74edd2286948b45d8b8a7d4acd4) Importer(815301076,1909f56bfc062723c751e8b465ee728b)
Start importing Assets/Sphere.prefab using Guid(15fdd74edd2286948b45d8b8a7d4acd4) Importer(815301076,1909f56bfc062723c751e8b465ee728b)  -> (artifact id: 'd16db00cad291a5114136c4ac8a2cf5e') in 0.014432 seconds 
========================================================================
Received Import Request.
  Time since last request: 0.000269 seconds.
  path: Assets/Tree.prefab
  artifactKey: Guid(eb5df9992445fca4ab803f6477ba6aca) Importer(815301076,1909f56bfc062723c751e8b465ee728b)
Start importing Assets/Tree.prefab using Guid(eb5df9992445fca4ab803f6477ba6aca) Importer(815301076,1909f56bfc062723c751e8b465ee728b)  -> (artifact id: 'd8f77f14515d5003b227559382fe6e1f') in 0.430800 seconds 
========================================================================
Received Import Request.
  Time since last request: 0.000316 seconds.
  path: Assets/포인트.002 (5).prefab
  artifactKey: Guid(164f8ef65f8bbc347bf1dfdaed0edd07) Importer(815301076,1909f56bfc062723c751e8b465ee728b)
Start importing Assets/포인트.002 (5).prefab using Guid(164f8ef65f8bbc347bf1dfdaed0edd07) Importer(815301076,1909f56bfc062723c751e8b465ee728b)  -> (artifact id: 'ff069e5023c9fcb377c47e50c150f959') in 0.007985 seconds 
========================================================================
Received Import Request.
  Time since last request: 0.000289 seconds.
  path: Assets/포인트.002 (1).prefab
  artifactKey: Guid(6cc6d336f125c4b4b824ce1b3d024fe9) Importer(815301076,1909f56bfc062723c751e8b465ee728b)
Start importing Assets/포인트.002 (1).prefab using Guid(6cc6d336f125c4b4b824ce1b3d024fe9) Importer(815301076,1909f56bfc062723c751e8b465ee728b)  -> (artifact id: '64fb446cb19b991026fc95534d8802ff') in 0.008297 seconds 
========================================================================
Received Import Request.
  Time since last request: 0.000356 seconds.
  path: Assets/TrackBL.fbx
  artifactKey: Guid(719170c044fe38a449d83cc1e63c0e89) Importer(815301076,1909f56bfc062723c751e8b465ee728b)
Start importing Assets/TrackBL.fbx using Guid(719170c044fe38a449d83cc1e63c0e89) Importer(815301076,1909f56bfc062723c751e8b465ee728b)  -> (artifact id: '51610bfb807419509ec9c23f567bc6ff') in 0.055875 seconds 
========================================================================
Received Import Request.
  Time since last request: 0.000193 seconds.
  path: Assets/view02 1.fbx
  artifactKey: Guid(a63f29e9ea888544498a10525e5364c8) Importer(815301076,1909f56bfc062723c751e8b465ee728b)
Start importing Assets/view02 1.fbx using Guid(a63f29e9ea888544498a10525e5364c8) Importer(815301076,1909f56bfc062723c751e8b465ee728b)  -> (artifact id: '988063a1fb49de20ce3086d1667ed1fa') in 2.078963 seconds 
========================================================================
Received Import Request.
  Time since last request: 0.000322 seconds.
  path: Assets/포인트.002 (4).prefab
  artifactKey: Guid(3d5117dae128b864580724f81a51bbe0) Importer(815301076,1909f56bfc062723c751e8b465ee728b)
Start importing Assets/포인트.002 (4).prefab using Guid(3d5117dae128b864580724f81a51bbe0) Importer(815301076,1909f56bfc062723c751e8b465ee728b)  -> (artifact id: '75d01a6a0642294e35154c64682b9e69') in 0.008922 seconds 
========================================================================
Received Import Request.
  Time since last request: 0.000224 seconds.
  path: Assets/포인트.002 (3).prefab
  artifactKey: Guid(7055254fecbb81d4fb130f10351e8261) Importer(815301076,1909f56bfc062723c751e8b465ee728b)
Start importing Assets/포인트.002 (3).prefab using Guid(7055254fecbb81d4fb130f10351e8261) Importer(815301076,1909f56bfc062723c751e8b465ee728b)  -> (artifact id: '4b1bd913c3ef943cac93a4809d7c1185') in 0.009924 seconds 
========================================================================
Received Import Request.
  Time since last request: 0.000173 seconds.
  path: Assets/포인트.002.prefab
  artifactKey: Guid(5b0de2a3bafd99349868228d97d2ae59) Importer(815301076,1909f56bfc062723c751e8b465ee728b)
Start importing Assets/포인트.002.prefab using Guid(5b0de2a3bafd99349868228d97d2ae59) Importer(815301076,1909f56bfc062723c751e8b465ee728b)  -> (artifact id: '575ac1236fc83bd32f3995a1dca2dea4') in 0.007641 seconds 
========================================================================
Received Import Request.
  Time since last request: 0.000219 seconds.
  path: Assets/point07.prefab
  artifactKey: Guid(fa2e1563d96bc6d4cb3cef30d21edeb8) Importer(815301076,1909f56bfc062723c751e8b465ee728b)
Start importing Assets/point07.prefab using Guid(fa2e1563d96bc6d4cb3cef30d21edeb8) Importer(815301076,1909f56bfc062723c751e8b465ee728b)  -> (artifact id: '0966ff0bdb79d36373ba4437a7362e5c') in 0.007827 seconds 
========================================================================
Received Import Request.
  Time since last request: 0.000292 seconds.
  path: Assets/view02 Variant.prefab
  artifactKey: Guid(1fa6eabc528f3c348a8171b690e24373) Importer(815301076,1909f56bfc062723c751e8b465ee728b)
Start importing Assets/view02 Variant.prefab using Guid(1fa6eabc528f3c348a8171b690e24373) Importer(815301076,1909f56bfc062723c751e8b465ee728b)  -> (artifact id: 'c435cc52d9c6ac06aee3e37b3b492cf5') in 0.124569 seconds 
========================================================================
Received Import Request.
  Time since last request: 0.000272 seconds.
  path: Assets/splendor-13384.mp3
  artifactKey: Guid(78156bf95f2f712409b7626d22255db4) Importer(815301076,1909f56bfc062723c751e8b465ee728b)
Start importing Assets/splendor-13384.mp3 using Guid(78156bf95f2f712409b7626d22255db4) Importer(815301076,1909f56bfc062723c751e8b465ee728b)  -> (artifact id: 'd7f06b834d46c461793b6983bfaa083c') in 0.102472 seconds 
========================================================================
Received Import Request.
  Time since last request: 0.000271 seconds.
  path: Assets/view02.fbx
  artifactKey: Guid(4e590a547108f844a97bf74d26b72418) Importer(815301076,1909f56bfc062723c751e8b465ee728b)
Start importing Assets/view02.fbx using Guid(4e590a547108f844a97bf74d26b72418) Importer(815301076,1909f56bfc062723c751e8b465ee728b)  -> (artifact id: '7f6d4cf1de3fa2935dfb5583177e5f04') in 2.174760 seconds 
========================================================================
Received Import Request.
  Time since last request: 0.000286 seconds.
  path: Assets/포인트.002 (2).prefab
  artifactKey: Guid(012d4869523fca04aaf064ff942f62c0) Importer(815301076,1909f56bfc062723c751e8b465ee728b)
Start importing Assets/포인트.002 (2).prefab using Guid(012d4869523fca04aaf064ff942f62c0) Importer(815301076,1909f56bfc062723c751e8b465ee728b)  -> (artifact id: '7433c6996c02ed036bdf281dd2b845a9') in 0.008877 seconds 
========================================================================
Received Import Request.
  Time since last request: 0.000332 seconds.
  path: Assets/splendor-13384 1.mp3
  artifactKey: Guid(6dd8bc294e414b84abd819046eff16f2) Importer(815301076,1909f56bfc062723c751e8b465ee728b)
Start importing Assets/splendor-13384 1.mp3 using Guid(6dd8bc294e414b84abd819046eff16f2) Importer(815301076,1909f56bfc062723c751e8b465ee728b)  -> (artifact id: 'edab4952c06c841b01ab7110f095fd81') in 0.014703 seconds 
========================================================================
Received Import Request.
  Time since last request: 2.618279 seconds.
  path: Assets/Scenes/IntroLogo.unity
  artifactKey: Guid(2a600308ad29b1442a128d722be28a6f) Importer(815301076,1909f56bfc062723c751e8b465ee728b)
Start importing Assets/Scenes/IntroLogo.unity using Guid(2a600308ad29b1442a128d722be28a6f) Importer(815301076,1909f56bfc062723c751e8b465ee728b)  -> (artifact id: 'a2533073483e1aa9375c2076fc37402a') in 0.008020 seconds 
========================================================================
Received Import Request.
  Time since last request: 2.965546 seconds.
  path: Assets/Scenes/MainScene/ReflectionProbe-0.exr
  artifactKey: Guid(3947d6fd098946941b806fee5b308386) Importer(815301076,1909f56bfc062723c751e8b465ee728b)
Start importing Assets/Scenes/MainScene/ReflectionProbe-0.exr using Guid(3947d6fd098946941b806fee5b308386) Importer(815301076,1909f56bfc062723c751e8b465ee728b)  -> (artifact id: 'af8d6788169c85e585a62b37ac68420b') in 0.023089 seconds 
========================================================================
Received Import Request.
  Time since last request: 0.000279 seconds.
  path: Assets/Scenes/MainScene/ReflectionProbe-1.exr
  artifactKey: Guid(80b8bfe5c9cf0f040b04a21bcc563d50) Importer(815301076,1909f56bfc062723c751e8b465ee728b)
Start importing Assets/Scenes/MainScene/ReflectionProbe-1.exr using Guid(80b8bfe5c9cf0f040b04a21bcc563d50) Importer(815301076,1909f56bfc062723c751e8b465ee728b)  -> (artifact id: '4f9c8ce0539ef6328b5687af9408952f') in 0.014523 seconds 
AssetImportWorkerClient::OnTransportError - code=2 error=End of file
